==========================================
🔄 Backup Job: 2026-02-19 17:44:10
==========================================
📝 Changes detected, committing...
[main 7bd930d] Backup: 2026-02-19 17:44:10 - Auto-commit from 4am backup routine
 2 files changed, 51 insertions(+)
 create mode 100644 logs/git-backup.log
 create mode 100755 scripts/git-backup.sh
✅ Commit successful
📤 Pushing to origin...
To https://github.com/deejungx/aibo-backup.git
 * [new branch]      main -> main
✅ Push successful
Status: SUCCESS
==========================================

==========================================
🔄 Backup Job: 2026-02-20 04:14:35
==========================================
📝 Changes detected, committing...
[main a30ef72] Backup: 2026-02-20 04:14:35 - Auto-commit from 4am backup routine
 2 files changed, 7 insertions(+), 3 deletions(-)
✅ Commit successful
📤 Pushing to origin...
To https://github.com/deejungx/aibo-backup.git
   7bd930d..a30ef72  main -> main
✅ Push successful
Status: SUCCESS
==========================================

==========================================
🔄 Backup Job: 2026-02-21 04:00:04
==========================================
📝 Changes detected, committing...
[main c324528] Backup: 2026-02-21 04:00:04 - Auto-commit from 4am backup routine
 2 files changed, 7 insertions(+), 3 deletions(-)
✅ Commit successful
📤 Pushing to origin...
To https://github.com/deejungx/aibo-backup.git
   17d4bf1..c324528  main -> main
✅ Push successful
Status: SUCCESS
==========================================

==========================================
🔄 Backup Job: 2026-02-22 04:00:30
==========================================
📝 Changes detected, committing...
